This is pdfTeX, Version 3.141592653-2.6-1.40.29 (MiKTeX 26.2) (preloaded format=pdflatex 2026.3.26)  27 MAR 2026 17:55
entering extended mode
 restricted \write18 enabled.
 file:line:error style messages enabled.
 %&-line parsing enabled.
**e:/4-2/Final-Year-Project/Documentation/Doc/main.tex
(e:/4-2/Final-Year-Project/Documentation/Doc/main.tex
LaTeX2e <2025-11-01>
L3 programming layer <2026-01-19>
(C:\Users\OMTEJA YALLAPRAGADA\AppData\Local\Programs\MiKTeX\tex/latex/base\report.cls
Document Class: report 2025/01/22 v1.4n Standard LaTeX document class
(C:\Users\OMTEJA YALLAPRAGADA\AppData\Local\Programs\MiKTeX\tex/latex/base\size12.clo
File: size12.clo 2025/01/22 v1.4n Standard LaTeX file (size option)
)
\c@part=\count275
\c@chapter=\count276
\c@section=\count277
\c@subsection=\count278
\c@subsubsection=\count279
\c@paragraph=\count280
\c@subparagraph=\count281
\c@figure=\count282
\c@table=\count283
\abovecaptionskip=\skip49
\belowcaptionskip=\skip50
\bibindent=\dimen148
) (C:\Users\OMTEJA YALLAPRAGADA\AppData\Local\Programs\MiKTeX\tex/latex/geometry\geometry.sty
Package: geometry 2026/03/07 v6.0 Page Geometry
 (C:\Users\OMTEJA YALLAPRAGADA\AppData\Local\Programs\MiKTeX\tex/latex/graphics\keyval.sty
Package: keyval 2022/05/29 v1.15 key=value parser (DPC)
\KV@toks@=\toks17
) (C:\Users\OMTEJA YALLAPRAGADA\AppData\Local\Programs\MiKTeX\tex/generic/iftex\ifvtex.sty
Package: ifvtex 2019/10/25 v1.7 ifvtex legacy package. Use iftex instead.
 (C:\Users\OMTEJA YALLAPRAGADA\AppData\Local\Programs\MiKTeX\tex/generic/iftex\iftex.sty
Package: iftex 2024/12/12 v1.0g TeX engine tests
))
\Gm@cnth=\count284
\Gm@cntv=\count285
\c@Gm@tempcnt=\count286
\Gm@bindingoffset=\dimen149
\Gm@wd@mp=\dimen150
\Gm@odd@mp=\dimen151
\Gm@even@mp=\dimen152
\Gm@layoutwidth=\dimen153
\Gm@layoutheight=\dimen154
\Gm@layouthoffset=\dimen155
\Gm@layoutvoffset=\dimen156
\Gm@dimlist=\toks18
 (C:\Users\OMTEJA YALLAPRAGADA\AppData\Local\Programs\MiKTeX\tex/latex/geometry\geometry.cfg)) (C:\Users\OMTEJA YALLAPRAGADA\AppData\Local\Programs\MiKTeX\tex/latex/graphics\graphicx.sty
Package: graphicx 2024/12/31 v1.2e Enhanced LaTeX Graphics (DPC,SPQR)
 (C:\Users\OMTEJA YALLAPRAGADA\AppData\Local\Programs\MiKTeX\tex/latex/graphics\graphics.sty
Package: graphics 2024/08/06 v1.4g Standard LaTeX Graphics (DPC,SPQR)
 (C:\Users\OMTEJA YALLAPRAGADA\AppData\Local\Programs\MiKTeX\tex/latex/graphics\trig.sty
Package: trig 2023/12/02 v1.11 sin cos tan (DPC)
) (C:\Users\OMTEJA YALLAPRAGADA\AppData\Local\Programs\MiKTeX\tex/latex/graphics-cfg\graphics.cfg
File: graphics.cfg 2016/06/04 v1.11 sample graphics configuration
)
Package graphics Info: Driver file: pdftex.def on input line 106.
 (C:\Users\OMTEJA YALLAPRAGADA\AppData\Local\Programs\MiKTeX\tex/latex/graphics-def\pdftex.def
File: pdftex.def 2025/09/29 v1.2d Graphics/color driver for pdftex
))
\Gin@req@height=\dimen157
\Gin@req@width=\dimen158
) (C:\Users\OMTEJA YALLAPRAGADA\AppData\Local\Programs\MiKTeX\tex/latex/setspace\setspace.sty
Package: setspace 2022/12/04 v6.7b set line spacing
) (C:\Users\OMTEJA YALLAPRAGADA\AppData\Local\Programs\MiKTeX\tex/latex/titlesec\titlesec.sty
Package: titlesec 2025/01/04 v2.17 Sectioning titles
\ttl@box=\box53
\beforetitleunit=\skip51
\aftertitleunit=\skip52
\ttl@plus=\dimen159
\ttl@minus=\dimen160
\ttl@toksa=\toks19
\titlewidth=\dimen161
\titlewidthlast=\dimen162
\titlewidthfirst=\dimen163
) (C:\Users\OMTEJA YALLAPRAGADA\AppData\Local\Programs\MiKTeX\tex/latex/tocloft\tocloft.sty
Package: tocloft 2017/08/31 v2.3i parameterised ToC, etc., typesetting
Package tocloft Info: The document has chapter divisions on input line 51.
\cftparskip=\skip53
\cftbeforetoctitleskip=\skip54
\cftaftertoctitleskip=\skip55
\cftbeforepartskip=\skip56
\cftpartnumwidth=\skip57
\cftpartindent=\skip58
\cftbeforechapskip=\skip59
\cftchapindent=\skip60
\cftchapnumwidth=\skip61
\cftbeforesecskip=\skip62
\cftsecindent=\skip63
\cftsecnumwidth=\skip64
\cftbeforesubsecskip=\skip65
\cftsubsecindent=\skip66
\cftsubsecnumwidth=\skip67
\cftbeforesubsubsecskip=\skip68
\cftsubsubsecindent=\skip69
\cftsubsubsecnumwidth=\skip70
\cftbeforeparaskip=\skip71
\cftparaindent=\skip72
\cftparanumwidth=\skip73
\cftbeforesubparaskip=\skip74
\cftsubparaindent=\skip75
\cftsubparanumwidth=\skip76
\cftbeforeloftitleskip=\skip77
\cftafterloftitleskip=\skip78
\cftbeforefigskip=\skip79
\cftfigindent=\skip80
\cftfignumwidth=\skip81
\c@lofdepth=\count287
\c@lotdepth=\count288
\cftbeforelottitleskip=\skip82
\cftafterlottitleskip=\skip83
\cftbeforetabskip=\skip84
\cfttabindent=\skip85
\cfttabnumwidth=\skip86
) (C:\Users\OMTEJA YALLAPRAGADA\AppData\Local\Programs\MiKTeX\tex/latex/caption\caption.sty
Package: caption 2023/08/05 v3.6o Customizing captions (AR)
 (C:\Users\OMTEJA YALLAPRAGADA\AppData\Local\Programs\MiKTeX\tex/latex/caption\caption3.sty
Package: caption3 2023/07/31 v2.4d caption3 kernel (AR)
\caption@tempdima=\dimen164
\captionmargin=\dimen165
\caption@leftmargin=\dimen166
\caption@rightmargin=\dimen167
\caption@width=\dimen168
\caption@indent=\dimen169
\caption@parindent=\dimen170
\caption@hangindent=\dimen171
Package caption Info: Standard document class detected.
)
\c@caption@flags=\count289
\c@continuedfloat=\count290
) (C:\Users\OMTEJA YALLAPRAGADA\AppData\Local\Programs\MiKTeX\tex/latex/amsmath\amsmath.sty
Package: amsmath 2025/07/09 v2.17z AMS math features
\@mathmargin=\skip87

For additional information on amsmath, use the `?' option.
(C:\Users\OMTEJA YALLAPRAGADA\AppData\Local\Programs\MiKTeX\tex/latex/amsmath\amstext.sty
Package: amstext 2024/11/17 v2.01 AMS text
 (C:\Users\OMTEJA YALLAPRAGADA\AppData\Local\Programs\MiKTeX\tex/latex/amsmath\amsgen.sty
File: amsgen.sty 1999/11/30 v2.0 generic functions
\@emptytoks=\toks20
\ex@=\dimen172
)) (C:\Users\OMTEJA YALLAPRAGADA\AppData\Local\Programs\MiKTeX\tex/latex/amsmath\amsbsy.sty
Package: amsbsy 1999/11/29 v1.2d Bold Symbols
\pmbraise@=\dimen173
) (C:\Users\OMTEJA YALLAPRAGADA\AppData\Local\Programs\MiKTeX\tex/latex/amsmath\amsopn.sty
Package: amsopn 2022/04/08 v2.04 operator names
)
\inf@bad=\count291
LaTeX Info: Redefining \frac on input line 233.
\uproot@=\count292
\leftroot@=\count293
LaTeX Info: Redefining \overline on input line 398.
LaTeX Info: Redefining \colon on input line 409.
\classnum@=\count294
\DOTSCASE@=\count295
LaTeX Info: Redefining \ldots on input line 495.
LaTeX Info: Redefining \dots on input line 498.
LaTeX Info: Redefining \cdots on input line 619.
\Mathstrutbox@=\box54
\strutbox@=\box55
LaTeX Info: Redefining \big on input line 721.
LaTeX Info: Redefining \Big on input line 722.
LaTeX Info: Redefining \bigg on input line 723.
LaTeX Info: Redefining \Bigg on input line 724.
\big@size=\dimen174
LaTeX Font Info:    Redeclaring font encoding OML on input line 742.
LaTeX Font Info:    Redeclaring font encoding OMS on input line 743.
\macc@depth=\count296
LaTeX Info: Redefining \bmod on input line 904.
LaTeX Info: Redefining \pmod on input line 909.
LaTeX Info: Redefining \smash on input line 939.
LaTeX Info: Redefining \relbar on input line 969.
LaTeX Info: Redefining \Relbar on input line 970.
\c@MaxMatrixCols=\count297
\dotsspace@=\muskip17
\c@parentequation=\count298
\dspbrk@lvl=\count299
\tag@help=\toks21
\row@=\count300
\column@=\count301
\maxfields@=\count302
\andhelp@=\toks22
\eqnshift@=\dimen175
\alignsep@=\dimen176
\tagshift@=\dimen177
\tagwidth@=\dimen178
\totwidth@=\dimen179
\lineht@=\dimen180
\@envbody=\toks23
\multlinegap=\skip88
\multlinetaggap=\skip89
\mathdisplay@stack=\toks24
LaTeX Info: Redefining \[ on input line 2950.
LaTeX Info: Redefining \] on input line 2951.
) (C:\Users\OMTEJA YALLAPRAGADA\AppData\Local\Programs\MiKTeX\tex/latex/float\float.sty
Package: float 2001/11/08 v1.3d Float enhancements (AL)
\c@float@type=\count303
\float@exts=\toks25
\float@box=\box56
\@float@everytoks=\toks26
\@floatcapt=\box57
) (C:\Users\OMTEJA YALLAPRAGADA\AppData\Local\Programs\MiKTeX\tex/latex/psnfss\times.sty
Package: times 2020/03/25 PSNFSS-v9.3 (SPQR) 
) (C:\Users\OMTEJA YALLAPRAGADA\AppData\Local\Programs\MiKTeX\tex/latex/fancyhdr\fancyhdr.sty
Package: fancyhdr 2025/02/07 v5.2 Extensive control of page headers and footers
\f@nch@headwidth=\skip90
\f@nch@offset@elh=\skip91
\f@nch@offset@erh=\skip92
\f@nch@offset@olh=\skip93
\f@nch@offset@orh=\skip94
\f@nch@offset@elf=\skip95
\f@nch@offset@erf=\skip96
\f@nch@offset@olf=\skip97
\f@nch@offset@orf=\skip98
\f@nch@height=\skip99
\f@nch@footalignment=\skip100
\f@nch@widthL=\skip101
\f@nch@widthC=\skip102
\f@nch@widthR=\skip103
\@temptokenb=\toks27
) (C:\Users\OMTEJA YALLAPRAGADA\AppData\Local\Programs\MiKTeX\tex/latex/xcolor\xcolor.sty
Package: xcolor 2024/09/29 v3.02 LaTeX color extensions (UK)
 (C:\Users\OMTEJA YALLAPRAGADA\AppData\Local\Programs\MiKTeX\tex/latex/graphics-cfg\color.cfg
File: color.cfg 2016/01/02 v1.6 sample color configuration
)
Package xcolor Info: Driver file: pdftex.def on input line 274.
 (C:\Users\OMTEJA YALLAPRAGADA\AppData\Local\Programs\MiKTeX\tex/latex/graphics\mathcolor.ltx)
Package xcolor Info: Model `cmy' substituted by `cmy0' on input line 1349.
Package xcolor Info: Model `hsb' substituted by `rgb' on input line 1353.
Package xcolor Info: Model `RGB' extended on input line 1365.
Package xcolor Info: Model `HTML' substituted by `rgb' on input line 1367.
Package xcolor Info: Model `Hsb' substituted by `hsb' on input line 1368.
Package xcolor Info: Model `tHsb' substituted by `hsb' on input line 1369.
Package xcolor Info: Model `HSB' substituted by `hsb' on input line 1370.
Package xcolor Info: Model `Gray' substituted by `gray' on input line 1371.
Package xcolor Info: Model `wave' substituted by `hsb' on input line 1372.
) (C:\Users\OMTEJA YALLAPRAGADA\AppData\Local\Programs\MiKTeX\tex/latex/tools\array.sty
Package: array 2025/09/25 v2.6n Tabular extension package (FMi)
\col@sep=\dimen181
\ar@mcellbox=\box58
\extrarowheight=\dimen182
\NC@list=\toks28
\extratabsurround=\skip104
\backup@length=\skip105
\ar@cellbox=\box59
) (C:\Users\OMTEJA YALLAPRAGADA\AppData\Local\Programs\MiKTeX\tex/latex/tools\indentfirst.sty
Package: indentfirst 2023/07/02 v1.03 Indent first paragraph (DPC)
) (C:\Users\OMTEJA YALLAPRAGADA\AppData\Local\Programs\MiKTeX\tex/latex/listings\listings.sty
\lst@mode=\count304
\lst@gtempboxa=\box60
\lst@token=\toks29
\lst@length=\count305
\lst@currlwidth=\dimen183
\lst@column=\count306
\lst@pos=\count307
\lst@lostspace=\dimen184
\lst@width=\dimen185
\lst@newlines=\count308
\lst@lineno=\count309
\lst@maxwidth=\dimen186
 (C:\Users\OMTEJA YALLAPRAGADA\AppData\Local\Programs\MiKTeX\tex/latex/listings\lstpatch.sty
File: lstpatch.sty 2025/11/14 1.11b (Carsten Heinz)
) (C:\Users\OMTEJA YALLAPRAGADA\AppData\Local\Programs\MiKTeX\tex/latex/listings\lstmisc.sty
File: lstmisc.sty 2025/11/14 1.11b (Carsten Heinz)
\c@lstnumber=\count310
\lst@skipnumbers=\count311
\lst@framebox=\box61
) (C:\Users\OMTEJA YALLAPRAGADA\AppData\Local\Programs\MiKTeX\tex/latex/listings\listings.cfg
File: listings.cfg 2025/11/14 1.11b listings configuration
))
Package: listings 2025/11/14 1.11b (Carsten Heinz)

==> First Aid for listings.sty no longer applied!
    Expected:
        2024/09/23 1.10c (Carsten Heinz)
    but found:
        2025/11/14 1.11b (Carsten Heinz)
    so I'm assuming it got fixed.
(C:\Users\OMTEJA YALLAPRAGADA\AppData\Local\Programs\MiKTeX\tex/latex/xurl\xurl.sty
Package: xurl 2022/01/09 v 0.10 modify URL breaks
 (C:\Users\OMTEJA YALLAPRAGADA\AppData\Local\Programs\MiKTeX\tex/latex/url\url.sty
\Urlmuskip=\muskip18
Package: url 2013/09/16  ver 3.4  Verb mode for urls, etc.
)) (C:\Users\OMTEJA YALLAPRAGADA\AppData\Local\Programs\MiKTeX\tex/latex/hyperref\hyperref.sty
Package: hyperref 2026-01-29 v7.01p Hypertext links for LaTeX
 (C:\Users\OMTEJA YALLAPRAGADA\AppData\Local\Programs\MiKTeX\tex/latex/kvsetkeys\kvsetkeys.sty
Package: kvsetkeys 2022-10-05 v1.19 Key value parser (HO)
) (C:\Users\OMTEJA YALLAPRAGADA\AppData\Local\Programs\MiKTeX\tex/generic/kvdefinekeys\kvdefinekeys.sty
Package: kvdefinekeys 2019-12-19 v1.6 Define keys (HO)
) (C:\Users\OMTEJA YALLAPRAGADA\AppData\Local\Programs\MiKTeX\tex/generic/pdfescape\pdfescape.sty
Package: pdfescape 2019/12/09 v1.15 Implements pdfTeX's escape features (HO)
 (C:\Users\OMTEJA YALLAPRAGADA\AppData\Local\Programs\MiKTeX\tex/generic/ltxcmds\ltxcmds.sty
Package: ltxcmds 2023-12-04 v1.26 LaTeX kernel commands for general use (HO)
) (C:\Users\OMTEJA YALLAPRAGADA\AppData\Local\Programs\MiKTeX\tex/generic/pdftexcmds\pdftexcmds.sty
Package: pdftexcmds 2020-06-27 v0.33 Utility functions of pdfTeX for LuaTeX (HO)
 (C:\Users\OMTEJA YALLAPRAGADA\AppData\Local\Programs\MiKTeX\tex/generic/infwarerr\infwarerr.sty
Package: infwarerr 2019/12/03 v1.5 Providing info/warning/error messages (HO)
)
Package pdftexcmds Info: \pdf@primitive is available.
Package pdftexcmds Info: \pdf@ifprimitive is available.
Package pdftexcmds Info: \pdfdraftmode found.
)) (C:\Users\OMTEJA YALLAPRAGADA\AppData\Local\Programs\MiKTeX\tex/latex/hycolor\hycolor.sty
Package: hycolor 2020-01-27 v1.10 Color options for hyperref/bookmark (HO)
) (C:\Users\OMTEJA YALLAPRAGADA\AppData\Local\Programs\MiKTeX\tex/latex/hyperref\nameref.sty
Package: nameref 2026-01-29 v2.58 Cross-referencing by name of section
 (C:\Users\OMTEJA YALLAPRAGADA\AppData\Local\Programs\MiKTeX\tex/latex/refcount\refcount.sty
Package: refcount 2019/12/15 v3.6 Data extraction from label references (HO)
) (C:\Users\OMTEJA YALLAPRAGADA\AppData\Local\Programs\MiKTeX\tex/generic/gettitlestring\gettitlestring.sty
Package: gettitlestring 2019/12/15 v1.6 Cleanup title references (HO)
 (C:\Users\OMTEJA YALLAPRAGADA\AppData\Local\Programs\MiKTeX\tex/latex/kvoptions\kvoptions.sty
Package: kvoptions 2022-06-15 v3.15 Key value format for package options (HO)
))
\c@section@level=\count312
) (C:\Users\OMTEJA YALLAPRAGADA\AppData\Local\Programs\MiKTeX\tex/latex/etoolbox\etoolbox.sty
Package: etoolbox 2025/10/02 v2.5m e-TeX tools for LaTeX (JAW)
\etb@tempcnta=\count313
) (C:\Users\OMTEJA YALLAPRAGADA\AppData\Local\Programs\MiKTeX\tex/generic/stringenc\stringenc.sty
Package: stringenc 2019/11/29 v1.12 Convert strings between diff. encodings (HO)
)
\@linkdim=\dimen187
\Hy@linkcounter=\count314
\Hy@pagecounter=\count315
 (C:\Users\OMTEJA YALLAPRAGADA\AppData\Local\Programs\MiKTeX\tex/latex/hyperref\pd1enc.def
File: pd1enc.def 2026-01-29 v7.01p Hyperref: PDFDocEncoding definition (HO)
Now handling font encoding PD1 ...
... no UTF-8 mapping file for font encoding PD1
) (C:\Users\OMTEJA YALLAPRAGADA\AppData\Local\Programs\MiKTeX\tex/generic/intcalc\intcalc.sty
Package: intcalc 2019/12/15 v1.3 Expandable calculations with integers (HO)
)
\Hy@SavedSpaceFactor=\count316
 (C:\Users\OMTEJA YALLAPRAGADA\AppData\Local\Programs\MiKTeX\tex/latex/hyperref\puenc.def
File: puenc.def 2026-01-29 v7.01p Hyperref: PDF Unicode definition (HO)
Now handling font encoding PU ...
... no UTF-8 mapping file for font encoding PU
)
Package hyperref Info: Hyper figures OFF on input line 4201.
Package hyperref Info: Link nesting OFF on input line 4206.
Package hyperref Info: Hyper index ON on input line 4209.
Package hyperref Info: Plain pages OFF on input line 4216.
Package hyperref Info: Backreferencing OFF on input line 4221.
Package hyperref Info: Implicit mode ON; LaTeX internals redefined.
Package hyperref Info: Bookmarks ON on input line 4468.
\c@Hy@tempcnt=\count317
LaTeX Info: Redefining \url on input line 4807.
\XeTeXLinkMargin=\dimen188
 (C:\Users\OMTEJA YALLAPRAGADA\AppData\Local\Programs\MiKTeX\tex/generic/bitset\bitset.sty
Package: bitset 2019/12/09 v1.3 Handle bit-vector datatype (HO)
 (C:\Users\OMTEJA YALLAPRAGADA\AppData\Local\Programs\MiKTeX\tex/generic/bigintcalc\bigintcalc.sty
Package: bigintcalc 2019/12/15 v1.5 Expandable calculations on big integers (HO)
))
\Fld@menulength=\count318
\Field@Width=\dimen189
\Fld@charsize=\dimen190
Package hyperref Info: Hyper figures OFF on input line 6084.
Package hyperref Info: Link nesting OFF on input line 6089.
Package hyperref Info: Hyper index ON on input line 6092.
Package hyperref Info: backreferencing OFF on input line 6099.
Package hyperref Info: Link coloring OFF on input line 6104.
Package hyperref Info: Link coloring with OCG OFF on input line 6109.
Package hyperref Info: PDF/A mode OFF on input line 6114.
\Hy@abspage=\count319
\c@Item=\count320
\c@Hfootnote=\count321
)
Package hyperref Info: Driver (autodetected): hpdftex.
 (C:\Users\OMTEJA YALLAPRAGADA\AppData\Local\Programs\MiKTeX\tex/latex/hyperref\hpdftex.def
File: hpdftex.def 2026-01-29 v7.01p Hyperref driver for pdfTeX
\Fld@listcount=\count322
\c@bookmark@seq@number=\count323
 (C:\Users\OMTEJA YALLAPRAGADA\AppData\Local\Programs\MiKTeX\tex/latex/rerunfilecheck\rerunfilecheck.sty
Package: rerunfilecheck 2025-06-21 v1.11 Rerun checks for auxiliary files (HO)
 (C:\Users\OMTEJA YALLAPRAGADA\AppData\Local\Programs\MiKTeX\tex/generic/uniquecounter\uniquecounter.sty
Package: uniquecounter 2019/12/15 v1.4 Provide unlimited unique counter (HO)
)
Package uniquecounter Info: New unique counter `rerunfilecheck' on input line 284.
)
\Hy@SectionHShift=\skip106
) (C:\Users\OMTEJA YALLAPRAGADA\AppData\Local\Programs\MiKTeX\tex/latex/enumitem\enumitem.sty
Package: enumitem 2025/02/06 v3.11 Customized lists
\labelindent=\skip107
\enit@outerparindent=\dimen191
\enit@toks=\toks30
\enit@inbox=\box62
\enit@count@id=\count324
\enitdp@description=\count325
) (C:\Users\OMTEJA YALLAPRAGADA\AppData\Local\Programs\MiKTeX\tex/latex/cite\cite.sty
LaTeX Info: Redefining \cite on input line 302.
LaTeX Info: Redefining \nocite on input line 332.
Package: cite 2015/02/27  v 5.5
)
Package hyperref Info: Option `colorlinks' set `true' on input line 28.
LaTeX Font Info:    Trying to load font information for OT1+ptm on input line 83.
 (C:\Users\OMTEJA YALLAPRAGADA\AppData\Local\Programs\MiKTeX\tex/latex/psnfss\ot1ptm.fd
File: ot1ptm.fd 2001/06/04 font definitions for OT1/ptm.
) (C:\Users\OMTEJA YALLAPRAGADA\AppData\Local\Programs\MiKTeX\tex/latex/l3backend\l3backend-pdftex.def
File: l3backend-pdftex.def 2025-10-09 L3 backend support: PDF output (pdfTeX)
\l__color_backend_stack_int=\count326
) (main.aux)
\openout1 = `main.aux'.

LaTeX Font Info:    Checking defaults for OML/cmm/m/it on input line 83.
LaTeX Font Info:    ... okay on input line 83.
LaTeX Font Info:    Checking defaults for OMS/cmsy/m/n on input line 83.
LaTeX Font Info:    ... okay on input line 83.
LaTeX Font Info:    Checking defaults for OT1/cmr/m/n on input line 83.
LaTeX Font Info:    ... okay on input line 83.
LaTeX Font Info:    Checking defaults for T1/cmr/m/n on input line 83.
LaTeX Font Info:    ... okay on input line 83.
LaTeX Font Info:    Checking defaults for TS1/cmr/m/n on input line 83.
LaTeX Font Info:    ... okay on input line 83.
LaTeX Font Info:    Checking defaults for OMX/cmex/m/n on input line 83.
LaTeX Font Info:    ... okay on input line 83.
LaTeX Font Info:    Checking defaults for U/cmr/m/n on input line 83.
LaTeX Font Info:    ... okay on input line 83.
LaTeX Font Info:    Checking defaults for PD1/pdf/m/n on input line 83.
LaTeX Font Info:    ... okay on input line 83.
LaTeX Font Info:    Checking defaults for PU/pdf/m/n on input line 83.
LaTeX Font Info:    ... okay on input line 83.

*geometry* driver: auto-detecting
*geometry* detected driver: pdftex
*geometry* verbose mode - [ preamble ] result:
* driver: pdftex
* paper: a4paper
* layout: <same size as paper>
* layoutoffset:(h,v)=(0.0pt,0.0pt)
* modes: 
* h-part:(L,W,R)=(113.81102pt, 426.79135pt, 56.9055pt)
* v-part:(T,H,B)=(85.35826pt, 674.33032pt, 85.35826pt)
* \paperwidth=597.50787pt
* \paperheight=845.04684pt
* \textwidth=426.79135pt
* \textheight=674.33032pt
* \oddsidemargin=41.54103pt
* \evensidemargin=41.54103pt
* \topmargin=-23.91173pt
* \headheight=12.0pt
* \headsep=25.0pt
* \topskip=12.0pt
* \footskip=30.0pt
* \marginparwidth=35.0pt
* \marginparsep=10.0pt
* \columnsep=10.0pt
* \skip\footins=10.8pt plus 4.0pt minus 2.0pt
* \hoffset=0.0pt
* \voffset=0.0pt
* \mag=1000
* \@twocolumnfalse
* \@twosidefalse
* \@mparswitchfalse
* \@reversemarginfalse
* (1in=72.27pt=25.4mm, 1cm=28.453pt)

(C:\Users\OMTEJA YALLAPRAGADA\AppData\Local\Programs\MiKTeX\tex/context/base/mkii\supp-pdf.mkii
[Loading MPS to PDF converter (version 2006.09.02).]
\scratchcounter=\count327
\scratchdimen=\dimen192
\scratchbox=\box63
\nofMPsegments=\count328
\nofMParguments=\count329
\everyMPshowfont=\toks31
\MPscratchCnt=\count330
\MPscratchDim=\dimen193
\MPnumerator=\count331
\makeMPintoPDFobject=\count332
\everyMPtoPDFconversion=\toks32
) (C:\Users\OMTEJA YALLAPRAGADA\AppData\Local\Programs\MiKTeX\tex/latex/epstopdf-pkg\epstopdf-base.sty
Package: epstopdf-base 2020-01-24 v2.11 Base part for package epstopdf
Package epstopdf-base Info: Redefining graphics rule for `.eps' on input line 485.
 (C:\Users\OMTEJA YALLAPRAGADA\AppData\Local\Programs\MiKTeX\tex/latex/00miktex\epstopdf-sys.cfg
File: epstopdf-sys.cfg 2021/03/18 v2.0 Configuration of epstopdf for MiKTeX
))
Package caption Info: Begin \AtBeginDocument code.
Package caption Info: float package is loaded.
Package caption Info: hyperref package is loaded.
Package caption Info: listings package is loaded.
Package caption Info: End \AtBeginDocument code.
\c@lstlisting=\count333
Package hyperref Info: Link coloring ON on input line 83.
 (main.out) (main.out)
\@outlinefile=\write3
\openout3 = `main.out'.

 (initial_pages/title.tex
<images/logo.png, id=243, 158.5122pt x 85.7604pt>
File: images/logo.png Graphic file (type png)
<use images/logo.png>
Package pdftex.def Info: images/logo.png  used on input line 38.
(pdftex.def)             Requested size: 128.0374pt x 69.27708pt.
 [1

{C:/Users/OMTEJA YALLAPRAGADA/AppData/Local/MiKTeX/fonts/map/pdftex/pdftex.map}{C:/Users/OMTEJA YALLAPRAGADA/AppData/Local/Programs/MiKTeX/fonts/enc/dvips/base/8r.enc} <./images/logo.png>]) (initial_pages/certificate.tex
File: images/logo.png Graphic file (type png)
<use images/logo.png>
Package pdftex.def Info: images/logo.png  used on input line 11.
(pdftex.def)             Requested size: 142.26378pt x 76.97426pt.

Overfull \hbox (5.226pt too wide) in paragraph at lines 20--30
[]\OT1/ptm/m/n/12 This is to cer-tify that the project work en-ti-tled, []\OT1/ptm/b/n/12 "SafeSurf | A Ma-chine Learning-
 []


Overfull \hbox (5.58533pt too wide) in paragraph at lines 20--30
\OT1/ptm/b/n/12 DANGETI SAI GAY-A-TRI VISH-WESH (22P31A0508)\OT1/ptm/m/n/12 , \OT1/ptm/b/n/12 ANKIT ROY CHOWD-HURY
 []


Overfull \hbox (61.84595pt too wide) in paragraph at lines 39--51
[]|  [] 
 []

) [2

] (initial_pages/declaration.tex) [3

] (initial_pages/acknowledgement.tex) [4

] (initial_pages/pictures.tex
<images/vision-mission-course.png, id=265, 412.4208pt x 566.115pt>
File: images/vision-mission-course.png Graphic file (type png)
<use images/vision-mission-course.png>
Package pdftex.def Info: images/vision-mission-course.png  used on input line 3.
(pdftex.def)             Requested size: 426.79135pt x 585.85191pt.
<images/vison-mission-cse.png, id=266, 381.5856pt x 531.4254pt>
File: images/vison-mission-cse.png Graphic file (type png)
<use images/vison-mission-cse.png>
Package pdftex.def Info: images/vison-mission-cse.png  used on input line 8.
(pdftex.def)             Requested size: 426.79135pt x 594.41393pt.
 [5

 <./images/vision-mission-course.png>]
<images/PEOs.png, id=273, 414.348pt x 577.6782pt>
File: images/PEOs.png Graphic file (type png)
<use images/PEOs.png>
Package pdftex.def Info: images/PEOs.png  used on input line 13.
(pdftex.def)             Requested size: 426.79135pt x 595.024pt.
 [6 <./images/vison-mission-cse.png>]
<images/PSO.png, id=280, 386.8854pt x 538.6524pt>
File: images/PSO.png Graphic file (type png)
<use images/PSO.png>
Package pdftex.def Info: images/PSO.png  used on input line 18.
(pdftex.def)             Requested size: 426.79135pt x 594.22086pt.
 [7 <./images/PEOs.png>]
<images/PO.png, id=288, 397.9668pt x 554.07pt>
File: images/PO.png Graphic file (type png)
<use images/PO.png>
Package pdftex.def Info: images/PO.png  used on input line 23.
(pdftex.def)             Requested size: 426.79135pt x 594.23558pt.
) [8 <./images/PSO.png>] [9 <./images/PO.png>] (initial_pages/abstract.tex) [10

] (chapters/introduction.tex
Chapter 1.
LaTeX Font Info:    Trying to load font information for TS1+ptm on input line 15.
(C:\Users\OMTEJA YALLAPRAGADA\AppData\Local\Programs\MiKTeX\tex/latex/psnfss\ts1ptm.fd
File: ts1ptm.fd 2001/06/04 font definitions for TS1/ptm.
) [1


] [2]
Overfull \hbox (12.0553pt too wide) in paragraph at lines 53--54
[]\OT1/ptm/m/n/12 To pro-vide prac-ti-cal us-abil-ity, \OT1/ptm/b/n/12 SafeSurf \OT1/ptm/m/n/12 in-cludes a web-based dash-board and Chrome
 []


Overfull \hbox (10.87996pt too wide) in paragraph at lines 53--54
\OT1/ptm/m/n/12 browser ex-ten-sion that in-ter-cept URLs and au-to-mat-i-cally dis-plays a clear de-tec-tion verdict---
 []

) (chapters/requirement-analysis.tex [3]
Chapter 2.

Overfull \hbox (1.50648pt too wide) in paragraph at lines 5--6
[]\OT1/ptm/m/n/12 Functional re-quire-ments de-fine the core op-er-a-tions and ca-pa-bil-i-ties of the \OT1/ptm/b/n/12 SafeSurf
 []

[4

]
LaTeX Font Info:    Trying to load font information for OT1+pcr on input line 44.
 (C:\Users\OMTEJA YALLAPRAGADA\AppData\Local\Programs\MiKTeX\tex/latex/psnfss\ot1pcr.fd
File: ot1pcr.fd 2001/06/04 font definitions for OT1/pcr.
)
Overfull \hbox (14.16869pt too wide) in paragraph at lines 44--45
\OT1/ptm/m/n/12 niques (such as \OT1/pcr/m/n/12 asyncio.gather\OT1/ptm/m/n/12 ) to re-duce la-tency and ef-fi-ciently han-dle network-
 []


Overfull \hbox (1.18477pt too wide) in paragraph at lines 56--57
[]\OT1/ptm/m/n/12 This hy-brid ap-proach im-proves over-all pre-dic-tion ac-cu-racy by lever-ag-ing both struc-
 []

[5]
Overfull \hbox (0.74025pt too wide) in paragraph at lines 92--93
[]\OT1/ptm/m/n/12 FastAPI (Python 3.9+) for core API ar-chi-tec-ture and ma-chine learn-ing pipeline
 []

[6]
Overfull \hbox (1.1477pt too wide) in paragraph at lines 146--147
[]\OT1/ptm/m/n/12 Future en-hance-ments in-clude caching mech-a-nisms (e.g., Re-dis) to im-prove re-sponse
 []

[7]
Overfull \hbox (22.58035pt too wide) in paragraph at lines 164--165
[]\OT1/ptm/m/n/12 Request size lim-its are en-forced us-ing mid-dle-ware (e.g., \OT1/pcr/m/n/12 MAX[]REQUEST[]BODY[]BYTES\OT1/ptm/m/n/12 )
 []

[8]) (chapters/system-analysis.tex [9]
Chapter 3.
[10

]
<./images/dns.png, id=379, 782.925pt x 874.26625pt>
File: ./images/dns.png Graphic file (type png)
<use ./images/dns.png>
Package pdftex.def Info: ./images/dns.png  used on input line 39.
(pdftex.def)             Requested size: 170.71393pt x 190.61827pt.
 [11]
<./images/multi-model-voting.png, id=392, 1562.83875pt x 1087.06125pt>
File: ./images/multi-model-voting.png Graphic file (type png)
<use ./images/multi-model-voting.png>
Package pdftex.def Info: ./images/multi-model-voting.png  used on input line 57.
(pdftex.def)             Requested size: 277.41176pt x 192.95886pt.
 [12 <./images/dns.png> <./images/multi-model-voting.png>]
<./images/nlp.png, id=401, 415.5525pt x 804.00375pt>
File: ./images/nlp.png Graphic file (type png)
<use ./images/nlp.png>
Package pdftex.def Info: ./images/nlp.png  used on input line 69.
(pdftex.def)             Requested size: 85.35696pt x 165.14081pt.
<./images/weighted-soft-voting.png, id=402, 1085.05376pt x 1363.0925pt>
File: ./images/weighted-soft-voting.png Graphic file (type png)
<use ./images/weighted-soft-voting.png>
Package pdftex.def Info: ./images/weighted-soft-voting.png  used on input line 82.
(pdftex.def)             Requested size: 192.0548pt x 241.24864pt.


pdfTeX warning: pdflatex (file ./images/flowchart.pdf): PDF inclusion: found PDF version <1.7>, but at most version <1.5> allowed
<./images/flowchart.pdf, id=403, 614.295pt x 794.97pt>
File: ./images/flowchart.pdf Graphic file (type pdf)
<use ./images/flowchart.pdf>
Package pdftex.def Info: ./images/flowchart.pdf  used on input line 91.
(pdftex.def)             Requested size: 426.79135pt x 552.32666pt.
[13 <./images/nlp.png> <./images/weighted-soft-voting.png>]) (chapters/system-design.tex [14 <./images/flowchart.pdf>]
Chapter 4.
[15

]
<./images/system-architecture.png, id=428, 2762.32pt x 1541.76pt>
File: ./images/system-architecture.png Graphic file (type png)
<use ./images/system-architecture.png>
Package pdftex.def Info: ./images/system-architecture.png  used on input line 68.
(pdftex.def)             Requested size: 349.97203pt x 195.33084pt.
 [16 <./images/system-architecture.png>]
Overfull \hbox (15.12762pt too wide) in paragraph at lines 85--86
[]\OT1/ptm/m/n/12 URL nor-mal-iza-tion (Canon-i-cal-iza-tion: strip-ping de-fault ports, col-laps-ing slashes) 
 []


Overfull \hbox (1.56737pt too wide) in paragraph at lines 108--109
[]\OT1/ptm/m/n/12 Infrastructure/Network fea-tures (WHOIS tim-ing, DNS TTL/Records, SSL cer-
 []

[17] [18] [19]
<./images/developmemt-workflow.png, id=451, 2071.74pt x 436.63126pt>
File: ./images/developmemt-workflow.png Graphic file (type png)
<use ./images/developmemt-workflow.png>
Package pdftex.def Info: ./images/developmemt-workflow.png  used on input line 234.
(pdftex.def)             Requested size: 384.1096pt x 80.94873pt.
 [20 <./images/developmemt-workflow.png>]) (chapters/testing.tex [21]
Chapter 5.
[22

] [23] [24]) (chapters/result-analysis.tex [25]
Chapter 6.

Overfull \hbox (10.3504pt too wide) in paragraph at lines 5--6
[]\OT1/ptm/m/n/12 The re-sult anal-y-sis phase eval-u-ates the per-for-mance and ef-fec-tive-ness of the SafeSurf
 []

<./images/matrix-roc.png, id=501, 2548.52126pt x 958.58125pt>
File: ./images/matrix-roc.png Graphic file (type png)
<use ./images/matrix-roc.png>
Package pdftex.def Info: ./images/matrix-roc.png  used on input line 20.
(pdftex.def)             Requested size: 426.79135pt x 160.52861pt.
[26

]
<./images/NXDOMAIN.png, id=506, 440.847pt x 308.95425pt>
File: ./images/NXDOMAIN.png Graphic file (type png)
<use ./images/NXDOMAIN.png>
Package pdftex.def Info: ./images/NXDOMAIN.png  used on input line 33.
(pdftex.def)             Requested size: 349.97203pt x 245.26389pt.
 [27 <./images/matrix-roc.png>] [28 <./images/NXDOMAIN.png>]
<./images/extension.png, id=524, 2011.515pt x 1330.9725pt>
File: ./images/extension.png Graphic file (type png)
<use ./images/extension.png>
Package pdftex.def Info: ./images/extension.png  used on input line 60.
(pdftex.def)             Requested size: 426.79135pt x 282.39635pt.
) (chapters/conclusion.tex [29 <./images/extension.png>]
Chapter 7.
) (chapters/future-scope.tex [30

]
Chapter 8.
) (chapters/bibliography.tex [31

]
Underfull \hbox (badness 2269) in paragraph at lines 23--24
[]\OT1/ptm/m/n/12 \Phishing URL de-tec-tion us-ing XG-Boost and cus-tom fea-ture en-gi-neer-ing,"
 []

[32

]) [33] (main.aux)
 ***********
LaTeX2e <2025-11-01>
L3 programming layer <2026-01-19>
 ***********
Package rerunfilecheck Info: File `main.out' has not changed.
(rerunfilecheck)             Checksum: A2FB40C7E1C8D7F6042B8CD8D49E97E1;10148.
 ) 
Here is how much of TeX's memory you used:
 14918 strings out of 467867
 241813 string characters out of 5411522
 673389 words of memory out of 5000000
 43408 multiletter control sequences out of 15000+600000
 648091 words of font info for 76 fonts, out of 8000000 for 9000
 1141 hyphenation exceptions out of 8191
 75i,12n,79p,751b,665s stack positions out of 10000i,1000n,20000p,200000b,200000s
<C:/Users/OMTEJA YALLAPRAGADA/AppData/Local/Programs/MiKTeX/fonts/type1/public/amsfonts/cm/cmmi12.pfb><C:/Users/OMTEJA YALLAPRAGADA/AppData/Local/Programs/MiKTeX/fonts/type1/public/amsfonts/cm/cmr12.pfb><C:/Users/OMTEJA YALLAPRAGADA/AppData/Local/Programs/MiKTeX/fonts/type1/public/amsfonts/cm/cmsy10.pfb><C:/Users/OMTEJA YALLAPRAGADA/AppData/Local/Programs/MiKTeX/fonts/type1/urw/courier/ucrr8a.pfb><C:/Users/OMTEJA YALLAPRAGADA/AppData/Local/Programs/MiKTeX/fonts/type1/urw/times/utmb8a.pfb><C:/Users/OMTEJA YALLAPRAGADA/AppData/Local/Programs/MiKTeX/fonts/type1/urw/times/utmr8a.pfb><C:/Users/OMTEJA YALLAPRAGADA/AppData/Local/Programs/MiKTeX/fonts/type1/urw/times/utmri8a.pfb>
Output written on main.pdf (43 pages, 11719524 bytes).
PDF statistics:
 663 PDF objects out of 1000 (max. 8388607)
 169 named destinations out of 1000 (max. 500000)
 561 words of extra memory for PDF output out of 10000 (max. 10000000)

